2023-01-30 15:44:49,507 INFO    StreamThr :31018 [internal.py:wandb_internal():87] W&B internal server running at pid: 31018, started at: 2023-01-30 15:44:49.506641
2023-01-30 15:44:49,511 DEBUG   HandlerThread:31018 [handler.py:handle_request():144] handle_request: status
2023-01-30 15:44:49,513 INFO    WriterThread:31018 [datastore.py:open_for_write():85] open: /home/bialekm/cd0581-building-a-reproducible-model-workflow-exercises/lesson-4-training-validation-experiment-tracking/exercises/exercise_11/starter/random_forest/wandb/run-20230130_154449-pig7qtd9/run-pig7qtd9.wandb
2023-01-30 15:44:49,516 DEBUG   SenderThread:31018 [sender.py:send():334] send: header
2023-01-30 15:44:49,531 DEBUG   SenderThread:31018 [sender.py:send():334] send: run
2023-01-30 15:44:50,346 INFO    SenderThread:31018 [dir_watcher.py:__init__():216] watching files in: /home/bialekm/cd0581-building-a-reproducible-model-workflow-exercises/lesson-4-training-validation-experiment-tracking/exercises/exercise_11/starter/random_forest/wandb/run-20230130_154449-pig7qtd9/files
2023-01-30 15:44:50,346 INFO    SenderThread:31018 [sender.py:_start_run_threads():1065] run started: pig7qtd9 with start time 1675089889.506575
2023-01-30 15:44:50,346 DEBUG   SenderThread:31018 [sender.py:send_request():361] send_request: summary_record
2023-01-30 15:44:50,347 INFO    SenderThread:31018 [sender.py:_save_file():1319] saving file wandb-summary.json with policy end
2023-01-30 15:44:50,350 DEBUG   HandlerThread:31018 [handler.py:handle_request():144] handle_request: check_version
2023-01-30 15:44:50,351 DEBUG   SenderThread:31018 [sender.py:send_request():361] send_request: check_version
2023-01-30 15:44:50,697 DEBUG   HandlerThread:31018 [handler.py:handle_request():144] handle_request: run_start
2023-01-30 15:44:50,700 DEBUG   HandlerThread:31018 [system_info.py:__init__():31] System info init
2023-01-30 15:44:50,700 DEBUG   HandlerThread:31018 [system_info.py:__init__():46] System info init done
2023-01-30 15:44:50,700 INFO    HandlerThread:31018 [system_monitor.py:start():151] Starting system monitor
2023-01-30 15:44:50,700 INFO    SystemMonitor:31018 [system_monitor.py:_start():116] Starting system asset monitoring threads
2023-01-30 15:44:50,700 INFO    HandlerThread:31018 [system_monitor.py:probe():172] Collecting system info
2023-01-30 15:44:50,703 DEBUG   HandlerThread:31018 [system_info.py:probe():195] Probing system
2023-01-30 15:44:50,705 INFO    SystemMonitor:31018 [interfaces.py:start():168] Started cpu
2023-01-30 15:44:50,721 INFO    SystemMonitor:31018 [interfaces.py:start():168] Started disk
2023-01-30 15:44:50,731 INFO    SystemMonitor:31018 [interfaces.py:start():168] Started memory
2023-01-30 15:44:50,739 INFO    SystemMonitor:31018 [interfaces.py:start():168] Started network
2023-01-30 15:44:50,878 DEBUG   HandlerThread:31018 [system_info.py:_probe_git():180] Probing git
2023-01-30 15:44:50,897 DEBUG   HandlerThread:31018 [system_info.py:_probe_git():188] Probing git done
2023-01-30 15:44:50,897 DEBUG   HandlerThread:31018 [system_info.py:probe():241] Probing system done
2023-01-30 15:44:50,897 DEBUG   HandlerThread:31018 [system_monitor.py:probe():181] {'os': 'Linux-5.10.102.1-microsoft-standard-WSL2-x86_64-with-glibc2.31', 'python': '3.9.15', 'heartbeatAt': '2023-01-30T14:44:50.703612', 'startedAt': '2023-01-30T14:44:49.493051', 'docker': None, 'cuda': None, 'args': ('--train_data', 'exercise_6/data_train.csv:latest', '--model_config', '/home/bialekm/cd0581-building-a-reproducible-model-workflow-exercises/lesson-4-training-validation-experiment-tracking/exercises/exercise_11/starter/multirun/2023-01-30/15-41-22/18/random_forest_config.yml'), 'state': 'running', 'program': '/home/bialekm/cd0581-building-a-reproducible-model-workflow-exercises/lesson-4-training-validation-experiment-tracking/exercises/exercise_11/starter/random_forest/run.py', 'codePath': 'lesson-4-training-validation-experiment-tracking/exercises/exercise_11/starter/random_forest/run.py', 'git': {'remote': 'https://github.com/BialyMT92/cd0581-building-a-reproducible-model-workflow-exercises.git', 'commit': 'f8ceef1ef5f8d5e8ac5995dbf09d0c6d8be15827'}, 'email': None, 'root': '/home/bialekm/cd0581-building-a-reproducible-model-workflow-exercises', 'host': 'DESKTOP-AKO1G91', 'username': 'bialekm', 'executable': '/home/bialekm/miniconda3/envs/mlflow-39aa3e680af2f4195fcf30469c71f5f670d48dfb/bin/python', 'cpu_count': 2, 'cpu_count_logical': 4, 'cpu_freq': {'current': 2294.688, 'min': 0.0, 'max': 0.0}, 'cpu_freq_per_core': [{'current': 2294.688, 'min': 0.0, 'max': 0.0}, {'current': 2294.688, 'min': 0.0, 'max': 0.0}, {'current': 2294.688, 'min': 0.0, 'max': 0.0}, {'current': 2294.688, 'min': 0.0, 'max': 0.0}], 'disk': {'total': 250.98248672485352, 'used': 18.28738021850586}, 'memory': {'total': 12.378826141357422}}
2023-01-30 15:44:50,897 INFO    HandlerThread:31018 [system_monitor.py:probe():182] Finished collecting system info
2023-01-30 15:44:50,897 INFO    HandlerThread:31018 [system_monitor.py:probe():185] Publishing system info
2023-01-30 15:44:50,897 DEBUG   HandlerThread:31018 [system_info.py:_save_pip():51] Saving list of pip packages installed into the current environment
2023-01-30 15:44:50,898 DEBUG   HandlerThread:31018 [system_info.py:_save_pip():67] Saving pip packages done
2023-01-30 15:44:50,898 DEBUG   HandlerThread:31018 [system_info.py:_save_conda():74] Saving list of conda packages installed into the current environment
2023-01-30 15:44:51,358 INFO    Thread-13 :31018 [dir_watcher.py:_on_file_created():275] file/dir created: /home/bialekm/cd0581-building-a-reproducible-model-workflow-exercises/lesson-4-training-validation-experiment-tracking/exercises/exercise_11/starter/random_forest/wandb/run-20230130_154449-pig7qtd9/files/wandb-summary.json
2023-01-30 15:44:51,359 INFO    Thread-13 :31018 [dir_watcher.py:_on_file_created():275] file/dir created: /home/bialekm/cd0581-building-a-reproducible-model-workflow-exercises/lesson-4-training-validation-experiment-tracking/exercises/exercise_11/starter/random_forest/wandb/run-20230130_154449-pig7qtd9/files/conda-environment.yaml
2023-01-30 15:44:51,359 INFO    Thread-13 :31018 [dir_watcher.py:_on_file_created():275] file/dir created: /home/bialekm/cd0581-building-a-reproducible-model-workflow-exercises/lesson-4-training-validation-experiment-tracking/exercises/exercise_11/starter/random_forest/wandb/run-20230130_154449-pig7qtd9/files/requirements.txt
2023-01-30 15:44:57,992 DEBUG   HandlerThread:31018 [system_info.py:_save_conda():86] Saving conda packages done
2023-01-30 15:44:57,993 INFO    HandlerThread:31018 [system_monitor.py:probe():187] Finished publishing system info
2023-01-30 15:44:57,998 DEBUG   HandlerThread:31018 [handler.py:handle_request():144] handle_request: status_report
2023-01-30 15:44:57,998 DEBUG   HandlerThread:31018 [handler.py:handle_request():144] handle_request: keepalive
2023-01-30 15:44:57,999 DEBUG   SenderThread:31018 [sender.py:send():334] send: files
2023-01-30 15:44:58,000 INFO    SenderThread:31018 [sender.py:_save_file():1319] saving file wandb-metadata.json with policy now
2023-01-30 15:44:58,015 DEBUG   HandlerThread:31018 [handler.py:handle_request():144] handle_request: stop_status
2023-01-30 15:44:58,016 DEBUG   SenderThread:31018 [sender.py:send_request():361] send_request: stop_status
2023-01-30 15:44:58,354 INFO    Thread-13 :31018 [dir_watcher.py:_on_file_modified():292] file/dir modified: /home/bialekm/cd0581-building-a-reproducible-model-workflow-exercises/lesson-4-training-validation-experiment-tracking/exercises/exercise_11/starter/random_forest/wandb/run-20230130_154449-pig7qtd9/files/conda-environment.yaml
2023-01-30 15:44:58,355 INFO    Thread-13 :31018 [dir_watcher.py:_on_file_created():275] file/dir created: /home/bialekm/cd0581-building-a-reproducible-model-workflow-exercises/lesson-4-training-validation-experiment-tracking/exercises/exercise_11/starter/random_forest/wandb/run-20230130_154449-pig7qtd9/files/wandb-metadata.json
2023-01-30 15:45:04,015 DEBUG   HandlerThread:31018 [handler.py:handle_request():144] handle_request: keepalive
2023-01-30 15:45:09,017 DEBUG   HandlerThread:31018 [handler.py:handle_request():144] handle_request: keepalive
2023-01-30 15:45:14,020 DEBUG   HandlerThread:31018 [handler.py:handle_request():144] handle_request: keepalive
2023-01-30 15:45:19,021 DEBUG   HandlerThread:31018 [handler.py:handle_request():144] handle_request: keepalive
2023-01-30 15:45:21,330 DEBUG   HandlerThread:31018 [handler.py:handle_request():144] handle_request: poll_exit
2023-01-30 15:45:22,472 INFO    SenderThread:31018 [retry.py:__call__():169] Retry attempt failed:
Traceback (most recent call last):
  File "/home/bialekm/miniconda3/envs/mlflow-39aa3e680af2f4195fcf30469c71f5f670d48dfb/lib/python3.9/site-packages/urllib3/connection.py", line 174, in _new_conn
    conn = connection.create_connection(
  File "/home/bialekm/miniconda3/envs/mlflow-39aa3e680af2f4195fcf30469c71f5f670d48dfb/lib/python3.9/site-packages/urllib3/util/connection.py", line 95, in create_connection
    raise err
  File "/home/bialekm/miniconda3/envs/mlflow-39aa3e680af2f4195fcf30469c71f5f670d48dfb/lib/python3.9/site-packages/urllib3/util/connection.py", line 85, in create_connection
    sock.connect(sa)
socket.timeout: timed out

During handling of the above exception, another exception occurred:

Traceback (most recent call last):
  File "/home/bialekm/miniconda3/envs/mlflow-39aa3e680af2f4195fcf30469c71f5f670d48dfb/lib/python3.9/site-packages/urllib3/connectionpool.py", line 703, in urlopen
    httplib_response = self._make_request(
  File "/home/bialekm/miniconda3/envs/mlflow-39aa3e680af2f4195fcf30469c71f5f670d48dfb/lib/python3.9/site-packages/urllib3/connectionpool.py", line 386, in _make_request
    self._validate_conn(conn)
  File "/home/bialekm/miniconda3/envs/mlflow-39aa3e680af2f4195fcf30469c71f5f670d48dfb/lib/python3.9/site-packages/urllib3/connectionpool.py", line 1042, in _validate_conn
    conn.connect()
  File "/home/bialekm/miniconda3/envs/mlflow-39aa3e680af2f4195fcf30469c71f5f670d48dfb/lib/python3.9/site-packages/urllib3/connection.py", line 358, in connect
    self.sock = conn = self._new_conn()
  File "/home/bialekm/miniconda3/envs/mlflow-39aa3e680af2f4195fcf30469c71f5f670d48dfb/lib/python3.9/site-packages/urllib3/connection.py", line 179, in _new_conn
    raise ConnectTimeoutError(
urllib3.exceptions.ConnectTimeoutError: (<urllib3.connection.HTTPSConnection object at 0x7fdc685be760>, 'Connection to api.wandb.ai timed out. (connect timeout=10)')

During handling of the above exception, another exception occurred:

Traceback (most recent call last):
  File "/home/bialekm/miniconda3/envs/mlflow-39aa3e680af2f4195fcf30469c71f5f670d48dfb/lib/python3.9/site-packages/requests/adapters.py", line 489, in send
    resp = conn.urlopen(
  File "/home/bialekm/miniconda3/envs/mlflow-39aa3e680af2f4195fcf30469c71f5f670d48dfb/lib/python3.9/site-packages/urllib3/connectionpool.py", line 787, in urlopen
    retries = retries.increment(
  File "/home/bialekm/miniconda3/envs/mlflow-39aa3e680af2f4195fcf30469c71f5f670d48dfb/lib/python3.9/site-packages/urllib3/util/retry.py", line 592, in increment
    raise MaxRetryError(_pool, url, error or ResponseError(cause))
urllib3.exceptions.MaxRetryError: HTTPSConnectionPool(host='api.wandb.ai', port=443): Max retries exceeded with url: /graphql (Caused by ConnectTimeoutError(<urllib3.connection.HTTPSConnection object at 0x7fdc685be760>, 'Connection to api.wandb.ai timed out. (connect timeout=10)'))

During handling of the above exception, another exception occurred:

Traceback (most recent call last):
  File "/home/bialekm/miniconda3/envs/mlflow-39aa3e680af2f4195fcf30469c71f5f670d48dfb/lib/python3.9/site-packages/wandb/sdk/lib/retry.py", line 128, in __call__
    result = self._call_fn(*args, **kwargs)
  File "/home/bialekm/miniconda3/envs/mlflow-39aa3e680af2f4195fcf30469c71f5f670d48dfb/lib/python3.9/site-packages/wandb/sdk/internal/internal_api.py", line 241, in execute
    return self.client.execute(*args, **kwargs)  # type: ignore
  File "/home/bialekm/miniconda3/envs/mlflow-39aa3e680af2f4195fcf30469c71f5f670d48dfb/lib/python3.9/site-packages/wandb/vendor/gql-0.2.0/wandb_gql/client.py", line 52, in execute
    result = self._get_result(document, *args, **kwargs)
  File "/home/bialekm/miniconda3/envs/mlflow-39aa3e680af2f4195fcf30469c71f5f670d48dfb/lib/python3.9/site-packages/wandb/vendor/gql-0.2.0/wandb_gql/client.py", line 60, in _get_result
    return self.transport.execute(document, *args, **kwargs)
  File "/home/bialekm/miniconda3/envs/mlflow-39aa3e680af2f4195fcf30469c71f5f670d48dfb/lib/python3.9/site-packages/wandb/vendor/gql-0.2.0/wandb_gql/transport/requests.py", line 38, in execute
    request = requests.post(self.url, **post_args)
  File "/home/bialekm/miniconda3/envs/mlflow-39aa3e680af2f4195fcf30469c71f5f670d48dfb/lib/python3.9/site-packages/requests/api.py", line 115, in post
    return request("post", url, data=data, json=json, **kwargs)
  File "/home/bialekm/miniconda3/envs/mlflow-39aa3e680af2f4195fcf30469c71f5f670d48dfb/lib/python3.9/site-packages/requests/api.py", line 59, in request
    return session.request(method=method, url=url, **kwargs)
  File "/home/bialekm/miniconda3/envs/mlflow-39aa3e680af2f4195fcf30469c71f5f670d48dfb/lib/python3.9/site-packages/requests/sessions.py", line 587, in request
    resp = self.send(prep, **send_kwargs)
  File "/home/bialekm/miniconda3/envs/mlflow-39aa3e680af2f4195fcf30469c71f5f670d48dfb/lib/python3.9/site-packages/requests/sessions.py", line 701, in send
    r = adapter.send(request, **kwargs)
  File "/home/bialekm/miniconda3/envs/mlflow-39aa3e680af2f4195fcf30469c71f5f670d48dfb/lib/python3.9/site-packages/requests/adapters.py", line 553, in send
    raise ConnectTimeout(e, request=request)
requests.exceptions.ConnectTimeout: HTTPSConnectionPool(host='api.wandb.ai', port=443): Max retries exceeded with url: /graphql (Caused by ConnectTimeoutError(<urllib3.connection.HTTPSConnection object at 0x7fdc685be760>, 'Connection to api.wandb.ai timed out. (connect timeout=10)'))
2023-01-30 15:45:22,927 INFO    Thread-16 :31018 [retry.py:__call__():169] Retry attempt failed:
Traceback (most recent call last):
  File "/home/bialekm/miniconda3/envs/mlflow-39aa3e680af2f4195fcf30469c71f5f670d48dfb/lib/python3.9/site-packages/urllib3/connection.py", line 174, in _new_conn
    conn = connection.create_connection(
  File "/home/bialekm/miniconda3/envs/mlflow-39aa3e680af2f4195fcf30469c71f5f670d48dfb/lib/python3.9/site-packages/urllib3/util/connection.py", line 95, in create_connection
    raise err
  File "/home/bialekm/miniconda3/envs/mlflow-39aa3e680af2f4195fcf30469c71f5f670d48dfb/lib/python3.9/site-packages/urllib3/util/connection.py", line 85, in create_connection
    sock.connect(sa)
socket.timeout: timed out

During handling of the above exception, another exception occurred:

Traceback (most recent call last):
  File "/home/bialekm/miniconda3/envs/mlflow-39aa3e680af2f4195fcf30469c71f5f670d48dfb/lib/python3.9/site-packages/urllib3/connectionpool.py", line 703, in urlopen
    httplib_response = self._make_request(
  File "/home/bialekm/miniconda3/envs/mlflow-39aa3e680af2f4195fcf30469c71f5f670d48dfb/lib/python3.9/site-packages/urllib3/connectionpool.py", line 386, in _make_request
    self._validate_conn(conn)
  File "/home/bialekm/miniconda3/envs/mlflow-39aa3e680af2f4195fcf30469c71f5f670d48dfb/lib/python3.9/site-packages/urllib3/connectionpool.py", line 1042, in _validate_conn
    conn.connect()
  File "/home/bialekm/miniconda3/envs/mlflow-39aa3e680af2f4195fcf30469c71f5f670d48dfb/lib/python3.9/site-packages/urllib3/connection.py", line 358, in connect
    self.sock = conn = self._new_conn()
  File "/home/bialekm/miniconda3/envs/mlflow-39aa3e680af2f4195fcf30469c71f5f670d48dfb/lib/python3.9/site-packages/urllib3/connection.py", line 179, in _new_conn
    raise ConnectTimeoutError(
urllib3.exceptions.ConnectTimeoutError: (<urllib3.connection.HTTPSConnection object at 0x7fdc685ca070>, 'Connection to api.wandb.ai timed out. (connect timeout=10)')

During handling of the above exception, another exception occurred:

Traceback (most recent call last):
  File "/home/bialekm/miniconda3/envs/mlflow-39aa3e680af2f4195fcf30469c71f5f670d48dfb/lib/python3.9/site-packages/requests/adapters.py", line 489, in send
    resp = conn.urlopen(
  File "/home/bialekm/miniconda3/envs/mlflow-39aa3e680af2f4195fcf30469c71f5f670d48dfb/lib/python3.9/site-packages/urllib3/connectionpool.py", line 787, in urlopen
    retries = retries.increment(
  File "/home/bialekm/miniconda3/envs/mlflow-39aa3e680af2f4195fcf30469c71f5f670d48dfb/lib/python3.9/site-packages/urllib3/util/retry.py", line 592, in increment
    raise MaxRetryError(_pool, url, error or ResponseError(cause))
urllib3.exceptions.MaxRetryError: HTTPSConnectionPool(host='api.wandb.ai', port=443): Max retries exceeded with url: /graphql (Caused by ConnectTimeoutError(<urllib3.connection.HTTPSConnection object at 0x7fdc685ca070>, 'Connection to api.wandb.ai timed out. (connect timeout=10)'))

During handling of the above exception, another exception occurred:

Traceback (most recent call last):
  File "/home/bialekm/miniconda3/envs/mlflow-39aa3e680af2f4195fcf30469c71f5f670d48dfb/lib/python3.9/site-packages/wandb/sdk/lib/retry.py", line 128, in __call__
    result = self._call_fn(*args, **kwargs)
  File "/home/bialekm/miniconda3/envs/mlflow-39aa3e680af2f4195fcf30469c71f5f670d48dfb/lib/python3.9/site-packages/wandb/sdk/internal/internal_api.py", line 241, in execute
    return self.client.execute(*args, **kwargs)  # type: ignore
  File "/home/bialekm/miniconda3/envs/mlflow-39aa3e680af2f4195fcf30469c71f5f670d48dfb/lib/python3.9/site-packages/wandb/vendor/gql-0.2.0/wandb_gql/client.py", line 52, in execute
    result = self._get_result(document, *args, **kwargs)
  File "/home/bialekm/miniconda3/envs/mlflow-39aa3e680af2f4195fcf30469c71f5f670d48dfb/lib/python3.9/site-packages/wandb/vendor/gql-0.2.0/wandb_gql/client.py", line 60, in _get_result
    return self.transport.execute(document, *args, **kwargs)
  File "/home/bialekm/miniconda3/envs/mlflow-39aa3e680af2f4195fcf30469c71f5f670d48dfb/lib/python3.9/site-packages/wandb/vendor/gql-0.2.0/wandb_gql/transport/requests.py", line 38, in execute
    request = requests.post(self.url, **post_args)
  File "/home/bialekm/miniconda3/envs/mlflow-39aa3e680af2f4195fcf30469c71f5f670d48dfb/lib/python3.9/site-packages/requests/api.py", line 115, in post
    return request("post", url, data=data, json=json, **kwargs)
  File "/home/bialekm/miniconda3/envs/mlflow-39aa3e680af2f4195fcf30469c71f5f670d48dfb/lib/python3.9/site-packages/requests/api.py", line 59, in request
    return session.request(method=method, url=url, **kwargs)
  File "/home/bialekm/miniconda3/envs/mlflow-39aa3e680af2f4195fcf30469c71f5f670d48dfb/lib/python3.9/site-packages/requests/sessions.py", line 587, in request
    resp = self.send(prep, **send_kwargs)
  File "/home/bialekm/miniconda3/envs/mlflow-39aa3e680af2f4195fcf30469c71f5f670d48dfb/lib/python3.9/site-packages/requests/sessions.py", line 701, in send
    r = adapter.send(request, **kwargs)
  File "/home/bialekm/miniconda3/envs/mlflow-39aa3e680af2f4195fcf30469c71f5f670d48dfb/lib/python3.9/site-packages/requests/adapters.py", line 553, in send
    raise ConnectTimeout(e, request=request)
requests.exceptions.ConnectTimeout: HTTPSConnectionPool(host='api.wandb.ai', port=443): Max retries exceeded with url: /graphql (Caused by ConnectTimeoutError(<urllib3.connection.HTTPSConnection object at 0x7fdc685ca070>, 'Connection to api.wandb.ai timed out. (connect timeout=10)'))
2023-01-30 15:45:26,337 DEBUG   HandlerThread:31018 [handler.py:handle_request():144] handle_request: keepalive
2023-01-30 15:45:31,341 DEBUG   HandlerThread:31018 [handler.py:handle_request():144] handle_request: keepalive
2023-01-30 15:45:36,344 DEBUG   HandlerThread:31018 [handler.py:handle_request():144] handle_request: keepalive
2023-01-30 15:45:41,349 DEBUG   HandlerThread:31018 [handler.py:handle_request():144] handle_request: keepalive
2023-01-30 15:45:46,353 DEBUG   HandlerThread:31018 [handler.py:handle_request():144] handle_request: keepalive
2023-01-30 15:45:50,740 DEBUG   SystemMonitor:31018 [system_monitor.py:_start():130] Starting system metrics aggregation loop
2023-01-30 15:45:51,358 DEBUG   HandlerThread:31018 [handler.py:handle_request():144] handle_request: keepalive
2023-01-30 15:45:56,364 DEBUG   HandlerThread:31018 [handler.py:handle_request():144] handle_request: keepalive
2023-01-30 15:46:01,368 DEBUG   HandlerThread:31018 [handler.py:handle_request():144] handle_request: keepalive
2023-01-30 15:46:06,373 DEBUG   HandlerThread:31018 [handler.py:handle_request():144] handle_request: keepalive
2023-01-30 15:46:11,376 DEBUG   HandlerThread:31018 [handler.py:handle_request():144] handle_request: keepalive
2023-01-30 15:46:16,379 DEBUG   HandlerThread:31018 [handler.py:handle_request():144] handle_request: keepalive
2023-01-30 15:46:21,382 DEBUG   HandlerThread:31018 [handler.py:handle_request():144] handle_request: keepalive
2023-01-30 15:46:26,385 DEBUG   HandlerThread:31018 [handler.py:handle_request():144] handle_request: keepalive
2023-01-30 15:46:31,389 DEBUG   HandlerThread:31018 [handler.py:handle_request():144] handle_request: keepalive
2023-01-30 15:46:36,394 DEBUG   HandlerThread:31018 [handler.py:handle_request():144] handle_request: keepalive
2023-01-30 15:46:41,398 DEBUG   HandlerThread:31018 [handler.py:handle_request():144] handle_request: keepalive
2023-01-30 15:46:46,403 DEBUG   HandlerThread:31018 [handler.py:handle_request():144] handle_request: keepalive
2023-01-30 15:46:51,408 DEBUG   HandlerThread:31018 [handler.py:handle_request():144] handle_request: keepalive
2023-01-30 15:46:56,412 DEBUG   HandlerThread:31018 [handler.py:handle_request():144] handle_request: keepalive
2023-01-30 15:47:01,417 DEBUG   HandlerThread:31018 [handler.py:handle_request():144] handle_request: keepalive
2023-01-30 15:47:06,421 DEBUG   HandlerThread:31018 [handler.py:handle_request():144] handle_request: keepalive
2023-01-30 15:47:11,427 DEBUG   HandlerThread:31018 [handler.py:handle_request():144] handle_request: keepalive
2023-01-30 15:47:14,000 DEBUG   SenderThread:31018 [sender.py:send():334] send: telemetry
2023-01-30 15:47:14,002 DEBUG   HandlerThread:31018 [handler.py:handle_request():144] handle_request: status_report
2023-01-30 15:47:14,010 DEBUG   SenderThread:31018 [sender.py:send():334] send: exit
2023-01-30 15:47:14,010 INFO    SenderThread:31018 [sender.py:send_exit():557] handling exit code: 1
2023-01-30 15:47:14,011 INFO    SenderThread:31018 [sender.py:send_exit():559] handling runtime: 29
2023-01-30 15:47:14,014 INFO    SenderThread:31018 [sender.py:_save_file():1319] saving file wandb-summary.json with policy end
2023-01-30 15:47:14,014 INFO    SenderThread:31018 [sender.py:send_exit():565] send defer
2023-01-30 15:47:14,014 DEBUG   SenderThread:31018 [sender.py:send_request():361] send_request: poll_exit
2023-01-30 15:47:14,015 DEBUG   SenderThread:31018 [sender.py:send():334] send: stats
2023-01-30 15:47:14,015 DEBUG   SenderThread:31018 [sender.py:send():334] send: stats
2023-01-30 15:47:14,015 DEBUG   SenderThread:31018 [sender.py:send():334] send: stats
2023-01-30 15:47:14,016 DEBUG   HandlerThread:31018 [handler.py:handle_request():144] handle_request: defer
2023-01-30 15:47:14,016 INFO    HandlerThread:31018 [handler.py:handle_request_defer():170] handle defer: 0
2023-01-30 15:47:14,017 DEBUG   SenderThread:31018 [sender.py:send_request():361] send_request: defer
2023-01-30 15:47:14,017 INFO    SenderThread:31018 [sender.py:send_request_defer():581] handle sender defer: 0
2023-01-30 15:47:14,018 INFO    SenderThread:31018 [sender.py:transition_state():585] send defer: 1
2023-01-30 15:47:14,018 DEBUG   HandlerThread:31018 [handler.py:handle_request():144] handle_request: defer
2023-01-30 15:47:14,018 INFO    HandlerThread:31018 [handler.py:handle_request_defer():170] handle defer: 1
2023-01-30 15:47:14,019 DEBUG   SenderThread:31018 [sender.py:send_request():361] send_request: defer
2023-01-30 15:47:14,019 INFO    SenderThread:31018 [sender.py:send_request_defer():581] handle sender defer: 1
2023-01-30 15:47:14,019 INFO    SenderThread:31018 [sender.py:transition_state():585] send defer: 2
2023-01-30 15:47:14,019 DEBUG   HandlerThread:31018 [handler.py:handle_request():144] handle_request: defer
2023-01-30 15:47:14,019 INFO    HandlerThread:31018 [handler.py:handle_request_defer():170] handle defer: 2
2023-01-30 15:47:14,019 INFO    HandlerThread:31018 [system_monitor.py:finish():161] Stopping system monitor
2023-01-30 15:47:14,022 DEBUG   SystemMonitor:31018 [system_monitor.py:_start():137] Finished system metrics aggregation loop
2023-01-30 15:47:14,022 DEBUG   SystemMonitor:31018 [system_monitor.py:_start():141] Publishing last batch of metrics
2023-01-30 15:47:14,023 INFO    HandlerThread:31018 [interfaces.py:finish():175] Joined cpu
2023-01-30 15:47:14,023 INFO    HandlerThread:31018 [interfaces.py:finish():175] Joined disk
2023-01-30 15:47:14,024 INFO    HandlerThread:31018 [interfaces.py:finish():175] Joined memory
2023-01-30 15:47:14,024 INFO    HandlerThread:31018 [interfaces.py:finish():175] Joined network
2023-01-30 15:47:14,025 DEBUG   SenderThread:31018 [sender.py:send_request():361] send_request: defer
2023-01-30 15:47:14,025 INFO    SenderThread:31018 [sender.py:send_request_defer():581] handle sender defer: 2
2023-01-30 15:47:14,025 INFO    SenderThread:31018 [sender.py:transition_state():585] send defer: 3
2023-01-30 15:47:14,025 DEBUG   SenderThread:31018 [sender.py:send():334] send: stats
2023-01-30 15:47:14,025 DEBUG   HandlerThread:31018 [handler.py:handle_request():144] handle_request: defer
2023-01-30 15:47:14,026 INFO    HandlerThread:31018 [handler.py:handle_request_defer():170] handle defer: 3
2023-01-30 15:47:14,026 DEBUG   SenderThread:31018 [sender.py:send_request():361] send_request: defer
2023-01-30 15:47:14,026 INFO    SenderThread:31018 [sender.py:send_request_defer():581] handle sender defer: 3
2023-01-30 15:47:14,026 INFO    SenderThread:31018 [sender.py:transition_state():585] send defer: 4
2023-01-30 15:47:14,027 DEBUG   HandlerThread:31018 [handler.py:handle_request():144] handle_request: defer
2023-01-30 15:47:14,027 INFO    HandlerThread:31018 [handler.py:handle_request_defer():170] handle defer: 4
2023-01-30 15:47:14,028 DEBUG   SenderThread:31018 [sender.py:send_request():361] send_request: defer
2023-01-30 15:47:14,028 INFO    SenderThread:31018 [sender.py:send_request_defer():581] handle sender defer: 4
2023-01-30 15:47:14,028 INFO    SenderThread:31018 [sender.py:transition_state():585] send defer: 5
2023-01-30 15:47:14,028 DEBUG   HandlerThread:31018 [handler.py:handle_request():144] handle_request: defer
2023-01-30 15:47:14,028 INFO    HandlerThread:31018 [handler.py:handle_request_defer():170] handle defer: 5
2023-01-30 15:47:14,029 DEBUG   SenderThread:31018 [sender.py:send():334] send: summary
2023-01-30 15:47:14,029 INFO    SenderThread:31018 [sender.py:_save_file():1319] saving file wandb-summary.json with policy end
2023-01-30 15:47:14,029 DEBUG   SenderThread:31018 [sender.py:send_request():361] send_request: defer
2023-01-30 15:47:14,030 INFO    SenderThread:31018 [sender.py:send_request_defer():581] handle sender defer: 5
2023-01-30 15:47:14,030 INFO    SenderThread:31018 [sender.py:transition_state():585] send defer: 6
2023-01-30 15:47:14,030 DEBUG   HandlerThread:31018 [handler.py:handle_request():144] handle_request: defer
2023-01-30 15:47:14,030 INFO    HandlerThread:31018 [handler.py:handle_request_defer():170] handle defer: 6
2023-01-30 15:47:14,031 DEBUG   SenderThread:31018 [sender.py:send_request():361] send_request: defer
2023-01-30 15:47:14,031 INFO    SenderThread:31018 [sender.py:send_request_defer():581] handle sender defer: 6
2023-01-30 15:47:14,037 DEBUG   HandlerThread:31018 [handler.py:handle_request():144] handle_request: status_report
2023-01-30 15:47:14,462 INFO    Thread-13 :31018 [dir_watcher.py:_on_file_modified():292] file/dir modified: /home/bialekm/cd0581-building-a-reproducible-model-workflow-exercises/lesson-4-training-validation-experiment-tracking/exercises/exercise_11/starter/random_forest/wandb/run-20230130_154449-pig7qtd9/files/wandb-summary.json
2023-01-30 15:47:14,463 INFO    Thread-13 :31018 [dir_watcher.py:_on_file_created():275] file/dir created: /home/bialekm/cd0581-building-a-reproducible-model-workflow-exercises/lesson-4-training-validation-experiment-tracking/exercises/exercise_11/starter/random_forest/wandb/run-20230130_154449-pig7qtd9/files/output.log
2023-01-30 15:47:16,432 DEBUG   HandlerThread:31018 [handler.py:handle_request():144] handle_request: keepalive
2023-01-30 15:47:16,464 INFO    Thread-13 :31018 [dir_watcher.py:_on_file_modified():292] file/dir modified: /home/bialekm/cd0581-building-a-reproducible-model-workflow-exercises/lesson-4-training-validation-experiment-tracking/exercises/exercise_11/starter/random_forest/wandb/run-20230130_154449-pig7qtd9/files/output.log
2023-01-30 15:47:21,434 DEBUG   HandlerThread:31018 [handler.py:handle_request():144] handle_request: keepalive
2023-01-30 15:47:22,732 INFO    SenderThread:31018 [sender.py:transition_state():585] send defer: 7
2023-01-30 15:47:22,734 DEBUG   HandlerThread:31018 [handler.py:handle_request():144] handle_request: defer
2023-01-30 15:47:22,734 INFO    HandlerThread:31018 [handler.py:handle_request_defer():170] handle defer: 7
2023-01-30 15:47:22,734 DEBUG   HandlerThread:31018 [handler.py:handle_request():144] handle_request: status_report
2023-01-30 15:47:22,736 DEBUG   SenderThread:31018 [sender.py:send_request():361] send_request: defer
2023-01-30 15:47:22,736 INFO    SenderThread:31018 [sender.py:send_request_defer():581] handle sender defer: 7
2023-01-30 15:47:23,471 INFO    Thread-13 :31018 [dir_watcher.py:_on_file_modified():292] file/dir modified: /home/bialekm/cd0581-building-a-reproducible-model-workflow-exercises/lesson-4-training-validation-experiment-tracking/exercises/exercise_11/starter/random_forest/wandb/run-20230130_154449-pig7qtd9/files/config.yaml
2023-01-30 15:47:24,054 INFO    SenderThread:31018 [sender.py:transition_state():585] send defer: 8
2023-01-30 15:47:24,055 DEBUG   HandlerThread:31018 [handler.py:handle_request():144] handle_request: defer
2023-01-30 15:47:24,055 INFO    HandlerThread:31018 [handler.py:handle_request_defer():170] handle defer: 8
2023-01-30 15:47:24,055 DEBUG   SenderThread:31018 [sender.py:send_request():361] send_request: defer
2023-01-30 15:47:24,055 INFO    SenderThread:31018 [sender.py:send_request_defer():581] handle sender defer: 8
2023-01-30 15:47:24,093 INFO    SenderThread:31018 [sender.py:transition_state():585] send defer: 9
2023-01-30 15:47:24,094 DEBUG   HandlerThread:31018 [handler.py:handle_request():144] handle_request: defer
2023-01-30 15:47:24,094 INFO    HandlerThread:31018 [handler.py:handle_request_defer():170] handle defer: 9
2023-01-30 15:47:24,095 DEBUG   SenderThread:31018 [sender.py:send():334] send: artifact
2023-01-30 15:47:24,471 INFO    Thread-13 :31018 [dir_watcher.py:_on_file_modified():292] file/dir modified: /home/bialekm/cd0581-building-a-reproducible-model-workflow-exercises/lesson-4-training-validation-experiment-tracking/exercises/exercise_11/starter/random_forest/wandb/run-20230130_154449-pig7qtd9/files/output.log
2023-01-30 15:47:25,275 INFO    Thread-16 :31018 [upload_job.py:push():143] Uploaded file /tmp/tmpxnwrcrl3wandb/pmylssk4-wandb-metadata.json
2023-01-30 15:47:26,455 DEBUG   HandlerThread:31018 [handler.py:handle_request():144] handle_request: keepalive
2023-01-30 15:47:31,459 DEBUG   HandlerThread:31018 [handler.py:handle_request():144] handle_request: keepalive
2023-01-30 15:47:33,004 ERROR   SenderThread:31018 [internal_api.py:execute():244] 400 response executing GraphQL.
2023-01-30 15:47:33,005 ERROR   SenderThread:31018 [internal_api.py:execute():245] {"errors":[{"message":"invalid artifact name job-https___github.com_BialyMT92_cd0581-building-a-reproducible-model-workflow-exercises.git_lesson-4-training-validation-experiment-tracking_exercises_exercise_11_starter_random_forest_run.py, must be 128 characters or less","path":["createArtifact"]}],"data":{"createArtifact":null}}
2023-01-30 15:47:33,006 ERROR   SenderThread:31018 [sender.py:send_artifact():1417] send_artifact: failed for artifact "job/job-https___github.com_BialyMT92_cd0581-building-a-reproducible-model-workflow-exercises.git_lesson-4-training-validation-experiment-tracking_exercises_exercise_11_starter_random_forest_run.py": 400 Client Error: Bad Request for url: https://api.wandb.ai/graphql
2023-01-30 15:47:33,007 DEBUG   SenderThread:31018 [sender.py:send_request():361] send_request: defer
2023-01-30 15:47:33,007 DEBUG   HandlerThread:31018 [handler.py:handle_request():144] handle_request: status_report
2023-01-30 15:47:33,008 INFO    SenderThread:31018 [sender.py:send_request_defer():581] handle sender defer: 9
2023-01-30 15:47:33,009 INFO    SenderThread:31018 [dir_watcher.py:finish():362] shutting down directory watcher
2023-01-30 15:47:33,476 INFO    SenderThread:31018 [dir_watcher.py:finish():392] scan: /home/bialekm/cd0581-building-a-reproducible-model-workflow-exercises/lesson-4-training-validation-experiment-tracking/exercises/exercise_11/starter/random_forest/wandb/run-20230130_154449-pig7qtd9/files
2023-01-30 15:47:33,476 INFO    SenderThread:31018 [dir_watcher.py:finish():406] scan save: /home/bialekm/cd0581-building-a-reproducible-model-workflow-exercises/lesson-4-training-validation-experiment-tracking/exercises/exercise_11/starter/random_forest/wandb/run-20230130_154449-pig7qtd9/files/output.log output.log
2023-01-30 15:47:33,477 INFO    SenderThread:31018 [dir_watcher.py:finish():406] scan save: /home/bialekm/cd0581-building-a-reproducible-model-workflow-exercises/lesson-4-training-validation-experiment-tracking/exercises/exercise_11/starter/random_forest/wandb/run-20230130_154449-pig7qtd9/files/conda-environment.yaml conda-environment.yaml
2023-01-30 15:47:33,479 INFO    SenderThread:31018 [dir_watcher.py:finish():406] scan save: /home/bialekm/cd0581-building-a-reproducible-model-workflow-exercises/lesson-4-training-validation-experiment-tracking/exercises/exercise_11/starter/random_forest/wandb/run-20230130_154449-pig7qtd9/files/config.yaml config.yaml
2023-01-30 15:47:33,481 INFO    SenderThread:31018 [dir_watcher.py:finish():406] scan save: /home/bialekm/cd0581-building-a-reproducible-model-workflow-exercises/lesson-4-training-validation-experiment-tracking/exercises/exercise_11/starter/random_forest/wandb/run-20230130_154449-pig7qtd9/files/wandb-metadata.json wandb-metadata.json
2023-01-30 15:47:33,481 INFO    SenderThread:31018 [dir_watcher.py:finish():406] scan save: /home/bialekm/cd0581-building-a-reproducible-model-workflow-exercises/lesson-4-training-validation-experiment-tracking/exercises/exercise_11/starter/random_forest/wandb/run-20230130_154449-pig7qtd9/files/requirements.txt requirements.txt
2023-01-30 15:47:33,510 INFO    SenderThread:31018 [dir_watcher.py:finish():406] scan save: /home/bialekm/cd0581-building-a-reproducible-model-workflow-exercises/lesson-4-training-validation-experiment-tracking/exercises/exercise_11/starter/random_forest/wandb/run-20230130_154449-pig7qtd9/files/wandb-summary.json wandb-summary.json
2023-01-30 15:47:33,530 INFO    SenderThread:31018 [sender.py:transition_state():585] send defer: 10
2023-01-30 15:47:33,532 DEBUG   HandlerThread:31018 [handler.py:handle_request():144] handle_request: defer
2023-01-30 15:47:33,532 INFO    HandlerThread:31018 [handler.py:handle_request_defer():170] handle defer: 10
2023-01-30 15:47:33,539 DEBUG   SenderThread:31018 [sender.py:send_request():361] send_request: defer
2023-01-30 15:47:33,539 INFO    SenderThread:31018 [sender.py:send_request_defer():581] handle sender defer: 10
2023-01-30 15:47:33,539 INFO    SenderThread:31018 [file_pusher.py:finish():160] shutting down file pusher
2023-01-30 15:47:36,463 DEBUG   HandlerThread:31018 [handler.py:handle_request():144] handle_request: keepalive
2023-01-30 15:47:37,280 INFO    Thread-18 :31018 [upload_job.py:push():143] Uploaded file /home/bialekm/cd0581-building-a-reproducible-model-workflow-exercises/lesson-4-training-validation-experiment-tracking/exercises/exercise_11/starter/random_forest/wandb/run-20230130_154449-pig7qtd9/files/conda-environment.yaml
2023-01-30 15:47:37,881 INFO    Thread-20 :31018 [upload_job.py:push():143] Uploaded file /home/bialekm/cd0581-building-a-reproducible-model-workflow-exercises/lesson-4-training-validation-experiment-tracking/exercises/exercise_11/starter/random_forest/wandb/run-20230130_154449-pig7qtd9/files/requirements.txt
2023-01-30 15:47:38,116 INFO    Thread-17 :31018 [upload_job.py:push():143] Uploaded file /home/bialekm/cd0581-building-a-reproducible-model-workflow-exercises/lesson-4-training-validation-experiment-tracking/exercises/exercise_11/starter/random_forest/wandb/run-20230130_154449-pig7qtd9/files/output.log
2023-01-30 15:47:38,153 INFO    Thread-19 :31018 [upload_job.py:push():143] Uploaded file /home/bialekm/cd0581-building-a-reproducible-model-workflow-exercises/lesson-4-training-validation-experiment-tracking/exercises/exercise_11/starter/random_forest/wandb/run-20230130_154449-pig7qtd9/files/config.yaml
2023-01-30 15:47:38,198 INFO    Thread-21 :31018 [upload_job.py:push():143] Uploaded file /home/bialekm/cd0581-building-a-reproducible-model-workflow-exercises/lesson-4-training-validation-experiment-tracking/exercises/exercise_11/starter/random_forest/wandb/run-20230130_154449-pig7qtd9/files/wandb-summary.json
2023-01-30 15:47:38,399 INFO    Thread-12 :31018 [sender.py:transition_state():585] send defer: 11
2023-01-30 15:47:38,400 DEBUG   HandlerThread:31018 [handler.py:handle_request():144] handle_request: defer
2023-01-30 15:47:38,400 INFO    HandlerThread:31018 [handler.py:handle_request_defer():170] handle defer: 11
2023-01-30 15:47:38,400 DEBUG   SenderThread:31018 [sender.py:send_request():361] send_request: defer
2023-01-30 15:47:38,401 INFO    SenderThread:31018 [sender.py:send_request_defer():581] handle sender defer: 11
2023-01-30 15:47:38,401 INFO    SenderThread:31018 [file_pusher.py:join():165] waiting for file pusher
2023-01-30 15:47:38,401 INFO    SenderThread:31018 [sender.py:transition_state():585] send defer: 12
2023-01-30 15:47:38,401 DEBUG   HandlerThread:31018 [handler.py:handle_request():144] handle_request: defer
2023-01-30 15:47:38,401 INFO    HandlerThread:31018 [handler.py:handle_request_defer():170] handle defer: 12
2023-01-30 15:47:38,401 DEBUG   HandlerThread:31018 [handler.py:handle_request():144] handle_request: status_report
2023-01-30 15:47:38,402 DEBUG   SenderThread:31018 [sender.py:send_request():361] send_request: defer
2023-01-30 15:47:38,402 INFO    SenderThread:31018 [sender.py:send_request_defer():581] handle sender defer: 12
2023-01-30 15:47:39,231 INFO    SenderThread:31018 [sender.py:transition_state():585] send defer: 13
2023-01-30 15:47:39,232 DEBUG   HandlerThread:31018 [handler.py:handle_request():144] handle_request: defer
2023-01-30 15:47:39,232 INFO    HandlerThread:31018 [handler.py:handle_request_defer():170] handle defer: 13
2023-01-30 15:47:39,232 DEBUG   SenderThread:31018 [sender.py:send_request():361] send_request: defer
2023-01-30 15:47:39,232 INFO    SenderThread:31018 [sender.py:send_request_defer():581] handle sender defer: 13
2023-01-30 15:47:39,233 INFO    SenderThread:31018 [sender.py:transition_state():585] send defer: 14
2023-01-30 15:47:39,233 DEBUG   HandlerThread:31018 [handler.py:handle_request():144] handle_request: defer
2023-01-30 15:47:39,233 INFO    HandlerThread:31018 [handler.py:handle_request_defer():170] handle defer: 14
2023-01-30 15:47:39,234 DEBUG   SenderThread:31018 [sender.py:send():334] send: final
2023-01-30 15:47:39,234 DEBUG   SenderThread:31018 [sender.py:send():334] send: footer
2023-01-30 15:47:39,234 DEBUG   SenderThread:31018 [sender.py:send_request():361] send_request: defer
2023-01-30 15:47:39,234 INFO    SenderThread:31018 [sender.py:send_request_defer():581] handle sender defer: 14
2023-01-30 15:47:39,235 DEBUG   HandlerThread:31018 [handler.py:handle_request():144] handle_request: poll_exit
2023-01-30 15:47:39,236 DEBUG   SenderThread:31018 [sender.py:send_request():361] send_request: poll_exit
2023-01-30 15:47:39,237 DEBUG   HandlerThread:31018 [handler.py:handle_request():144] handle_request: server_info
2023-01-30 15:47:39,238 DEBUG   SenderThread:31018 [sender.py:send_request():361] send_request: server_info
2023-01-30 15:47:39,242 DEBUG   HandlerThread:31018 [handler.py:handle_request():144] handle_request: get_summary
2023-01-30 15:47:39,243 DEBUG   HandlerThread:31018 [handler.py:handle_request():144] handle_request: sampled_history
2023-01-30 15:47:41,885 INFO    MainThread:31018 [wandb_run.py:_footer_history_summary_info():3427] rendering history
2023-01-30 15:47:41,885 INFO    MainThread:31018 [wandb_run.py:_footer_history_summary_info():3459] rendering summary
2023-01-30 15:47:41,888 INFO    MainThread:31018 [wandb_run.py:_footer_sync_info():3383] logging synced files
2023-01-30 15:47:41,888 DEBUG   HandlerThread:31018 [handler.py:handle_request():144] handle_request: shutdown
2023-01-30 15:47:41,888 INFO    HandlerThread:31018 [handler.py:finish():841] shutting down handler
2023-01-30 15:47:42,238 INFO    WriterThread:31018 [datastore.py:close():299] close: /home/bialekm/cd0581-building-a-reproducible-model-workflow-exercises/lesson-4-training-validation-experiment-tracking/exercises/exercise_11/starter/random_forest/wandb/run-20230130_154449-pig7qtd9/run-pig7qtd9.wandb
2023-01-30 15:47:42,885 INFO    SenderThread:31018 [sender.py:finish():1491] shutting down sender
2023-01-30 15:47:42,885 INFO    SenderThread:31018 [file_pusher.py:finish():160] shutting down file pusher
2023-01-30 15:47:42,885 INFO    SenderThread:31018 [file_pusher.py:join():165] waiting for file pusher
